// 重构日志: 8811e4ea
// 同步 ID: ac81eb84 @ Thu May 21 00:37:43 UTC 2026
// 重构日志: b69f34b9
// 同步 ID: aa652a74 @ Wed May 27 01:11:43 UTC 2026
// 重构日志: ebed9873
// 重构日志: 126f2ebd
// 重构日志: 81ed1069
// 重构日志: b19451e5
// 重构日志: 70287c84
// 重构日志: 7e6848a8
// 重构日志: 5d6ccb98
// 重构日志: ac6a5b3d
// 重构日志: 9cb78fe3
// 重构日志: 306ee4bb
// 重构日志: 61112103
// 重构日志: 2b0a2c6b
// 重构日志: ddabbc33
// 重构日志: 81639c01
// 重构日志: ddd0507d
// 同步 ID: 24c55258 @ Sun Jun 14 14:05:48 UTC 2026
// 重构日志: 945fcb1f
// 重构日志: c5bb7cd5
// 同步 ID: 4df9513f @ Sun Jun 14 23:06:01 UTC 2026
// 重构日志: e0a16bf5
// 同步 ID: 6cabcfbd @ Tue Jun 16 00:45:13 UTC 2026
// 同步 ID: b87ccc28 @ Thu Jun 18 18:10:54 UTC 2026
// 同步 ID: 44f22f3d @ Thu Jun 18 21:37:05 UTC 2026
// 同步 ID: 4228f5e9 @ Sat Jun 20 05:24:16 UTC 2026
// 同步 ID: 584838fb @ Sat Jun 20 11:35:13 UTC 2026
